{"C:\\Users\\raafa\\OneDrive\\Desktop\\webpack\\evaluate-news-nlp\\src\\client\\js\\urlChecker.js": {"path":"C:\\Users\\raafa\\OneDrive\\Desktop\\webpack\\evaluate-news-nlp\\src\\client\\js\\urlChecker.js","statementMap":{"0":{"start":{"line":1,"column":19},"end":{"line":9,"column":3}},"1":{"start":{"line":2,"column":19},"end":{"line":2,"column":139}},"2":{"start":{"line":4,"column":4},"end":{"line":8,"column":5}},"3":{"start":{"line":5,"column":6},"end":{"line":5,"column":19}},"4":{"start":{"line":7,"column":6},"end":{"line":7,"column":18}}},"fnMap":{"0":{"name":"(anonymous_0)","decl":{"start":{"line":1,"column":19},"end":{"line":1,"column":20}},"loc":{"start":{"line":1,"column":33},"end":{"line":9,"column":3}},"line":1}},"branchMap":{"0":{"loc":{"start":{"line":4,"column":4},"end":{"line":8,"column":5}},"type":"if","locations":[{"start":{"line":4,"column":4},"end":{"line":8,"column":5}},{"start":{"line":6,"column":11},"end":{"line":8,"column":5}}],"line":4}},"s":{"0":1,"1":1,"2":1,"3":0,"4":1},"f":{"0":1},"b":{"0":[0,1]},"_coverageSchema":"1a1c01bbd47fc00a2c39e90264f33305004495a9","hash":"12edeb21e60c024e937dcd080cabbdc777b17a26"}
}
